At time 3 process 0 started arr 0 total 5 remain 5 wait 3
At time 4 process 0 stopped arr 0 total 5 remain 4 wait 3
At time 4 process 0 resume arr 0 total 5 remain 4 wait 3
At time 5 process 0 stopped arr 0 total 5 remain 3 wait 3
At time 5 process 0 resume arr 0 total 5 remain 3 wait 3
At time 6 process 0 stopped arr 0 total 5 remain 2 wait 3
At time 6 process 2 started arr 5 total 10 remain 10 wait 1
At time 7 process 2 stopped arr 5 total 10 remain 9 wait 1
At time 7 process 0 resume arr 0 total 5 remain 2 wait 4
At time 8 process 0 stopped arr 0 total 5 remain 1 wait 4
At time 8 process 2 resume arr 5 total 10 remain 9 wait 2
At time 9 process 2 stopped arr 5 total 10 remain 8 wait 2
At time 9 process 0 resume arr 0 total 5 remain 1 wait 5
At time 10 process 0 finished arr 0 total 5 remain 0 wait 5
At time 10 process 2 resume arr 5 total 10 remain 8 wait 3
At time 11 process 2 stopped arr 5 total 10 remain 7 wait 3
At time 11 process 2 resume arr 5 total 10 remain 7 wait 3
At time 12 process 2 stopped arr 5 total 10 remain 6 wait 3
At time 12 process 2 resume arr 5 total 10 remain 6 wait 3
At time 13 process 2 stopped arr 5 total 10 remain 5 wait 3
At time 13 process 2 resume arr 5 total 10 remain 5 wait 3
At time 14 process 2 stopped arr 5 total 10 remain 4 wait 3
At time 14 process 2 resume arr 5 total 10 remain 4 wait 3
At time 15 process 2 stopped arr 5 total 10 remain 3 wait 3
At time 15 process 2 resume arr 5 total 10 remain 3 wait 3
At time 16 process 2 stopped arr 5 total 10 remain 2 wait 3
At time 16 process 2 resume arr 5 total 10 remain 2 wait 3
At time 17 process 2 stopped arr 5 total 10 remain 1 wait 3
At time 17 process 2 resume arr 5 total 10 remain 1 wait 3
At time 18 process 2 finished arr 5 total 10 remain 0 wait 3
At time 3 process 0 started arr 0 total 0 remain 0 wait 3
At time 4 process 0 stopped arr 0 total 0 remain -1 wait 3
At time 4 process 0 resume arr 0 total 0 remain -1 wait 3
At time 5 process 0 stopped arr 0 total 0 remain -2 wait 3
At time 5 process 0 resume arr 0 total 0 remain -2 wait 3
At time 6 process 0 stopped arr 0 total 0 remain -3 wait 3
At time 6 process 2 started arr 5 total 10 remain 10 wait 1
At time 7 process 2 stopped arr 5 total 10 remain 9 wait 1
At time 7 process 0 resume arr 0 total 0 remain -3 wait 4
At time 8 process 0 stopped arr 0 total 0 remain -4 wait 4
At time 8 process 2 resume arr 5 total 10 remain 9 wait 2
At time 9 process 2 stopped arr 5 total 10 remain 8 wait 2
At time 9 process 0 resume arr 0 total 0 remain -4 wait 5
At time 10 process 0 stopped arr 0 total 0 remain -5 wait 5
At time 10 process 2 resume arr 5 total 10 remain 8 wait 3
